This file contains any messages produced by compilers while
running configure, to aid debugging if configure makes a mistake.

It was created by lconf-web configure 1.5.1, which was
generated by GNU Autoconf 2.68.  Invocation command line was

  $ ./configure 

## --------- ##
## Platform. ##
## --------- ##

hostname = linux-7kv8
uname -m = i686
uname -r = 2.6.37.1-1.2-default
uname -s = Linux
uname -v = #1 SMP 2011-02-21 10:34:10 +0100

/usr/bin/uname -p = unknown
/bin/uname -X     = unknown

/bin/arch              = i686
/usr/bin/arch -k       = unknown
/usr/convex/getsysinfo = unknown
/usr/bin/hostinfo      = unknown
/bin/machine           = unknown
/usr/bin/oslevel       = unknown
/bin/universe          = unknown

PATH: /home/jmosshammer/bin
PATH: /usr/local/bin
PATH: /usr/bin
PATH: /bin
PATH: /usr/bin/X11
PATH: /usr/X11R6/bin
PATH: /usr/games
PATH: /usr/lib/jvm/jre/bin
PATH: /usr/lib/mit/bin
PATH: .


## ----------- ##
## Core tests. ##
## ----------- ##

configure:1777: checking for a BSD-compatible install
configure:1845: result: /usr/bin/install -c
configure:1856: checking for grep that handles long lines and -e
configure:1914: result: /usr/bin/grep
configure:1919: checking for a sed that does not truncate output
configure:1983: result: /usr/bin/sed
configure:2008: checking for php
configure:2026: found /usr/bin/php
configure:2039: result: /usr/bin/php
configure:2061: checking for mysql
configure:2079: found /usr/bin/mysql
configure:2092: result: /usr/bin/mysql
configure:2114: checking for phing
configure:2132: found /usr/bin/phing
configure:2145: result: /usr/bin/phing
configure:2192: checking if user www exists
configure:2198: result: not found
configure:2192: checking if user wwwrun exists
configure:2195: result: found
configure:2215: checking if group www exists
configure:2218: result: found
configure:2258: checking if path /etc/httpd/conf.d exists
configure:2264: result: not found
configure:2258: checking if path /etc/apache2/conf.d exists
configure:2261: result: found
configure:2518: creating ./config.status

## ---------------------- ##
## Running config.status. ##
## ---------------------- ##

This file was extended by lconf-web config.status 1.5.1, which was
generated by GNU Autoconf 2.68.  Invocation command line was

  CONFIG_FILES    = 
  CONFIG_HEADERS  = 
  CONFIG_LINKS    = 
  CONFIG_COMMANDS = 
  $ ./config.status 

on linux-7kv8

config.status:769: creating Makefile
config.status:769: creating lib/Makefile
config.status:769: creating pub/Makefile
config.status:769: creating app/Makefile
config.status:769: creating app/config/databases.xml
config.status:769: creating app/config/icinga.xml
config.status:769: creating app/config/logging.xml
config.status:769: creating app/config/settings.xml
config.status:769: creating app/config/translation.xml
config.status:769: creating app/modules/Api/config/access.xml
config.status:769: creating app/modules/AppKit/config/module.xml
config.status:769: creating app/modules/AppKit/config/auth.xml
config.status:769: creating etc/build.properties
config.status:769: creating etc/apache2/lconf-web.conf
config.status:769: creating pub/.htaccess

## ---------------- ##
## Cache variables. ##
## ---------------- ##

ac_cv_env_MYSQL_set=
ac_cv_env_MYSQL_value=
ac_cv_env_PHING_set=
ac_cv_env_PHING_value=
ac_cv_env_PHP_set=
ac_cv_env_PHP_value=
ac_cv_env_build_alias_set=
ac_cv_env_build_alias_value=
ac_cv_env_host_alias_set=
ac_cv_env_host_alias_value=
ac_cv_env_target_alias_set=
ac_cv_env_target_alias_value=
ac_cv_path_GREP=/usr/bin/grep
ac_cv_path_MYSQL=/usr/bin/mysql
ac_cv_path_PHING=/usr/bin/phing
ac_cv_path_PHP=/usr/bin/php
ac_cv_path_SED=/usr/bin/sed
ac_cv_path_install='/usr/bin/install -c'

## ----------------- ##
## Output variables. ##
## ----------------- ##

CFLAGS=''
DEFS='-DPACKAGE_NAME=\"lconf-web\" -DPACKAGE_TARNAME=\"lconf-web\" -DPACKAGE_VERSION=\"1.5.1\" -DPACKAGE_STRING=\"lconf-web\ 1.5.1\" -DPACKAGE_BUGREPORT=\"www.netways.org\" -DPACKAGE_URL=\"\"'
ECHO_C=''
ECHO_N='-n'
ECHO_T=''
GREP='/usr/bin/grep'
INSTALL_DATA='${INSTALL} -m 644'
INSTALL_OPTS='-o root -g bin'
INSTALL_OPTS_CACHE='-o wwwrun -g www'
INSTALL_OPTS_WEB='-o wwwrun -g www'
INSTALL_PROGRAM='${INSTALL}'
INSTALL_SCRIPT='${INSTALL}'
LIBOBJS=''
LIBS=''
LTLIBOBJS=''
MYSQL='/usr/bin/mysql'
PACKAGE_BUGREPORT='www.netways.org'
PACKAGE_NAME='lconf-web'
PACKAGE_STRING='lconf-web 1.5.1'
PACKAGE_TARNAME='lconf-web'
PACKAGE_URL=''
PACKAGE_VERSION='1.5.1'
PATH_SEPARATOR=':'
PHING='/usr/bin/phing'
PHP='/usr/bin/php'
PHPUNIT=''
RELEASE_DATE='2011-08-26'
SED='/usr/bin/sed'
SHELL='/bin/sh'
VERSION_EXTEN=''
VERSION_MAJOR='1'
VERSION_MINOR='5'
VERSION_PATCH='1'
app_name='LConf'
bin_group='bin'
bin_user='root'
bindir='${exec_prefix}/bin'
build_alias=''
datadir='${datarootdir}'
datarootdir='${prefix}/share'
docdir='${datarootdir}/doc/${PACKAGE_TARNAME}'
dvidir='${docdir}'
exec_prefix='${prefix}'
flag_caching='true'
flag_debug='false'
host_alias=''
htmldir='${docdir}'
includedir='${prefix}/include'
infodir='${datarootdir}/info'
libdir='${exec_prefix}/lib'
libexecdir='${exec_prefix}/libexec'
localedir='${datarootdir}/locale'
localstatedir='${prefix}/var'
mandir='${datarootdir}/man'
oldincludedir='/usr/include'
pdfdir='${docdir}'
prefix='/usr/local/lconf-web'
program_transform_name='s,x,x,'
psdir='${docdir}'
sbindir='${exec_prefix}/sbin'
sharedstatedir='${prefix}/com'
sysconfdir='${prefix}/etc'
target_alias=''
web_absolute_path='%core.root_dir%/pub'
web_apache_path='/etc/apache2/conf.d'
web_conf_folder='NONE/etc/conf.d'
web_group='www'
web_log_folder='NONE/log'
web_path='/lconf'
web_user='wwwrun'

## ----------- ##
## confdefs.h. ##
## ----------- ##

/* confdefs.h */
#define PACKAGE_NAME "lconf-web"
#define PACKAGE_TARNAME "lconf-web"
#define PACKAGE_VERSION "1.5.1"
#define PACKAGE_STRING "lconf-web 1.5.1"
#define PACKAGE_BUGREPORT "www.netways.org"
#define PACKAGE_URL ""

configure: exit 0
