[Wed Aug 31 11:37:03 2011] [debug] Deleting sessions older that 2011-08-31T11:13:03+02:00
[Wed Aug 31 11:37:03 2011] [info] Session garbage collector, deleted 2 old sessions.
[Wed Aug 31 11:37:13 2011] [debug] Auth.Provider: Object (name=internal) initialized
[Wed Aug 31 11:37:13 2011] [debug] Auth.Provider: Object (name=auth_key) initialized
[Wed Aug 31 11:37:13 2011] [debug] Auth.Provider: Object (name=http-basic-authentication) initialized
[Wed Aug 31 11:37:13 2011] [debug] Auth.Provider.HTTPBasicAuthentification: Got data (auth_name=, auth_type=)
[Wed Aug 31 11:37:13 2011] [debug] Auth.Provider: Object (name=internal) initialized
[Wed Aug 31 11:37:13 2011] [debug] Auth.Provider: Object (name=auth_key) initialized
[Wed Aug 31 11:37:13 2011] [debug] Auth.Provider: Object (name=http-basic-authentication) initialized
[Wed Aug 31 11:37:13 2011] [debug] Auth.Provider.HTTPBasicAuthentification: Got data (auth_name=, auth_type=)
[Wed Aug 31 11:37:33 2011] [debug] Auth.Provider: Object (name=internal) initialized
[Wed Aug 31 11:37:33 2011] [debug] Auth.Provider: Object (name=auth_key) initialized
[Wed Aug 31 11:37:33 2011] [debug] Auth.Provider: Object (name=http-basic-authentication) initialized
[Wed Aug 31 11:37:33 2011] [debug] Auth.Provider.HTTPBasicAuthentification: Got data (auth_name=, auth_type=)
[Wed Aug 31 11:37:53 2011] [debug] Auth.Provider: Object (name=internal) initialized
[Wed Aug 31 11:37:53 2011] [debug] Auth.Provider: Object (name=auth_key) initialized
[Wed Aug 31 11:37:53 2011] [debug] Auth.Provider: Object (name=http-basic-authentication) initialized
[Wed Aug 31 11:37:53 2011] [debug] Auth.Provider.HTTPBasicAuthentification: Got data (auth_name=, auth_type=)
[Wed Aug 31 11:38:13 2011] [debug] Auth.Provider: Object (name=internal) initialized
[Wed Aug 31 11:38:13 2011] [debug] Auth.Provider: Object (name=auth_key) initialized
[Wed Aug 31 11:38:13 2011] [debug] Auth.Provider: Object (name=http-basic-authentication) initialized
[Wed Aug 31 11:38:13 2011] [debug] Auth.Provider.HTTPBasicAuthentification: Got data (auth_name=, auth_type=)
[Wed Aug 31 11:38:13 2011] [debug] Auth.Provider: Object (name=internal) initialized
[Wed Aug 31 11:38:13 2011] [debug] Auth.Provider: Object (name=auth_key) initialized
[Wed Aug 31 11:38:13 2011] [debug] Auth.Provider: Object (name=http-basic-authentication) initialized
[Wed Aug 31 11:38:13 2011] [debug] Auth.Provider.HTTPBasicAuthentification: Got data (auth_name=, auth_type=)
[Wed Aug 31 11:38:33 2011] [debug] Auth.Provider: Object (name=internal) initialized
[Wed Aug 31 11:38:33 2011] [debug] Auth.Provider: Object (name=auth_key) initialized
[Wed Aug 31 11:38:33 2011] [debug] Auth.Provider: Object (name=http-basic-authentication) initialized
[Wed Aug 31 11:38:33 2011] [debug] Auth.Provider.HTTPBasicAuthentification: Got data (auth_name=, auth_type=)
[Wed Aug 31 11:38:53 2011] [debug] Auth.Provider: Object (name=internal) initialized
[Wed Aug 31 11:38:53 2011] [debug] Auth.Provider: Object (name=auth_key) initialized
[Wed Aug 31 11:38:53 2011] [debug] Auth.Provider: Object (name=http-basic-authentication) initialized
[Wed Aug 31 11:38:53 2011] [debug] Auth.Provider.HTTPBasicAuthentification: Got data (auth_name=, auth_type=)
[Wed Aug 31 11:39:13 2011] [debug] Auth.Provider: Object (name=internal) initialized
[Wed Aug 31 11:39:13 2011] [debug] Auth.Provider: Object (name=auth_key) initialized
[Wed Aug 31 11:39:13 2011] [debug] Auth.Provider: Object (name=http-basic-authentication) initialized
[Wed Aug 31 11:39:13 2011] [debug] Auth.Provider.HTTPBasicAuthentification: Got data (auth_name=, auth_type=)
[Wed Aug 31 11:39:13 2011] [debug] Auth.Provider: Object (name=internal) initialized
[Wed Aug 31 11:39:13 2011] [debug] Auth.Provider: Object (name=auth_key) initialized
[Wed Aug 31 11:39:13 2011] [debug] Auth.Provider: Object (name=http-basic-authentication) initialized
[Wed Aug 31 11:39:13 2011] [debug] Auth.Provider.HTTPBasicAuthentification: Got data (auth_name=, auth_type=)
[Wed Aug 31 11:39:33 2011] [debug] Auth.Provider: Object (name=internal) initialized
[Wed Aug 31 11:39:33 2011] [debug] Auth.Provider: Object (name=auth_key) initialized
[Wed Aug 31 11:39:33 2011] [debug] Auth.Provider: Object (name=http-basic-authentication) initialized
[Wed Aug 31 11:39:33 2011] [debug] Auth.Provider.HTTPBasicAuthentification: Got data (auth_name=, auth_type=)
[Wed Aug 31 11:39:53 2011] [debug] Auth.Provider: Object (name=internal) initialized
[Wed Aug 31 11:39:53 2011] [debug] Auth.Provider: Object (name=auth_key) initialized
[Wed Aug 31 11:39:53 2011] [debug] Auth.Provider: Object (name=http-basic-authentication) initialized
[Wed Aug 31 11:39:53 2011] [debug] Auth.Provider.HTTPBasicAuthentification: Got data (auth_name=, auth_type=)
[Wed Aug 31 11:39:58 2011] [debug] Auth.Provider: Object (name=internal) initialized
[Wed Aug 31 11:39:58 2011] [debug] Auth.Provider: Object (name=auth_key) initialized
[Wed Aug 31 11:39:58 2011] [debug] Auth.Provider: Object (name=http-basic-authentication) initialized
[Wed Aug 31 11:39:58 2011] [debug] Auth.Provider.HTTPBasicAuthentification: Got data (auth_name=, auth_type=)
[Wed Aug 31 11:39:59 2011] [debug] Auth.Provider: Object (name=internal) initialized
[Wed Aug 31 11:39:59 2011] [debug] Auth.Provider: Object (name=auth_key) initialized
[Wed Aug 31 11:39:59 2011] [debug] Auth.Provider: Object (name=http-basic-authentication) initialized
[Wed Aug 31 11:39:59 2011] [debug] Auth.Provider.HTTPBasicAuthentification: Got data (auth_name=, auth_type=)
[Wed Aug 31 11:40:04 2011] [debug] Auth.Dispatch: Starting authenticate (username=root)
[Wed Aug 31 11:40:04 2011] [debug] Auth.Dispatch: Userdata found in db (uid=1)
[Wed Aug 31 11:40:04 2011] [debug] Auth.Provider: Object (name=internal) initialized
[Wed Aug 31 11:40:04 2011] [debug] Auth.Dispatch: Authoritative provider found (provider=internal, authid=root)
[Wed Aug 31 11:40:04 2011] [debug] Auth.Provider.Database: HASH(42bc5093863dce8c150387a5bb7e3061cf3ea67d2cf1779671e1b0f435e953a1)
[Wed Aug 31 11:40:04 2011] [debug] Auth.Dispatch: Successfull authentication (provder=internal)
[Wed Aug 31 11:40:04 2011] [info] Auth.Dispatch: Delegate authentication (not_authoritative=internal,user=root)
[Wed Aug 31 11:40:04 2011] [debug] Auth.Provider: Object (name=auth_key) initialized
[Wed Aug 31 11:40:04 2011] [debug] Auth.Provider: Object (name=http-basic-authentication) initialized
[Wed Aug 31 11:40:04 2011] [debug] Auth.Dispatch: Delegate authentication, try http-basic-authentication (not_authoritative=internal,user=root)
[Wed Aug 31 11:40:04 2011] [error] Auth.Dispatch: Delegate authentication, no providers found for root (not_authoritative=internal)
[Wed Aug 31 11:40:05 2011] [info] User root (Root, Enoch) logged in!
[Wed Aug 31 11:59:13 2011] [debug] Deleting sessions older that 2011-08-31T11:35:13+02:00
[Wed Aug 31 12:11:37 2011] [fatal] Uncaught AppKitPHPError: PHP Error Trying to get property of non-object (/usr/local/icinga-web/app/modules/EventDB/models/EventDBModel.class.php:198) (/usr/local/icinga-web/app/modules/AppKit/lib/logging/AppKitExceptionHandler.class.php:37)
[Wed Aug 31 12:11:46 2011] [fatal] Uncaught AppKitPHPError: PHP Error Trying to get property of non-object (/usr/local/icinga-web/app/modules/EventDB/models/EventDBModel.class.php:198) (/usr/local/icinga-web/app/modules/AppKit/lib/logging/AppKitExceptionHandler.class.php:37)
[Wed Aug 31 12:12:06 2011] [fatal] Uncaught AppKitPHPError: PHP Error Trying to get property of non-object (/usr/local/icinga-web/app/modules/EventDB/models/EventDBModel.class.php:198) (/usr/local/icinga-web/app/modules/AppKit/lib/logging/AppKitExceptionHandler.class.php:37)
[Wed Aug 31 12:12:26 2011] [fatal] Uncaught AppKitPHPError: PHP Error Trying to get property of non-object (/usr/local/icinga-web/app/modules/EventDB/models/EventDBModel.class.php:198) (/usr/local/icinga-web/app/modules/AppKit/lib/logging/AppKitExceptionHandler.class.php:37)
[Wed Aug 31 12:12:35 2011] [fatal] Uncaught AppKitPHPError: PHP Error Trying to get property of non-object (/usr/local/icinga-web/app/modules/EventDB/models/EventDBModel.class.php:198) (/usr/local/icinga-web/app/modules/AppKit/lib/logging/AppKitExceptionHandler.class.php:37)
[Wed Aug 31 12:13:07 2011] [fatal] Uncaught AppKitPHPError: PHP Error Trying to get property of non-object (/usr/local/icinga-web/app/modules/EventDB/models/EventDBModel.class.php:198) (/usr/local/icinga-web/app/modules/AppKit/lib/logging/AppKitExceptionHandler.class.php:37)
[Wed Aug 31 12:13:27 2011] [fatal] Uncaught AppKitPHPError: PHP Error Trying to get property of non-object (/usr/local/icinga-web/app/modules/EventDB/models/EventDBModel.class.php:198) (/usr/local/icinga-web/app/modules/AppKit/lib/logging/AppKitExceptionHandler.class.php:37)
[Wed Aug 31 12:13:46 2011] [fatal] Uncaught AppKitPHPError: PHP Error Trying to get property of non-object (/usr/local/icinga-web/app/modules/EventDB/models/EventDBModel.class.php:198) (/usr/local/icinga-web/app/modules/AppKit/lib/logging/AppKitExceptionHandler.class.php:37)
[Wed Aug 31 12:14:07 2011] [fatal] Uncaught AppKitPHPError: PHP Error Trying to get property of non-object (/usr/local/icinga-web/app/modules/EventDB/models/EventDBModel.class.php:198) (/usr/local/icinga-web/app/modules/AppKit/lib/logging/AppKitExceptionHandler.class.php:37)
[Wed Aug 31 12:14:26 2011] [fatal] Uncaught AppKitPHPError: PHP Error Trying to get property of non-object (/usr/local/icinga-web/app/modules/EventDB/models/EventDBModel.class.php:198) (/usr/local/icinga-web/app/modules/AppKit/lib/logging/AppKitExceptionHandler.class.php:37)
[Wed Aug 31 12:14:47 2011] [fatal] Uncaught AppKitPHPError: PHP Error Trying to get property of non-object (/usr/local/icinga-web/app/modules/EventDB/models/EventDBModel.class.php:198) (/usr/local/icinga-web/app/modules/AppKit/lib/logging/AppKitExceptionHandler.class.php:37)
[Wed Aug 31 12:16:41 2011] [fatal] Uncaught AppKitPHPError: PHP Error Undefined index: id (/usr/local/icinga-web/app/modules/EventDB/models/EventDBModel.class.php:198) (/usr/local/icinga-web/app/modules/AppKit/lib/logging/AppKitExceptionHandler.class.php:37)
[Wed Aug 31 12:16:47 2011] [fatal] Uncaught AppKitPHPError: PHP Error Undefined index: id (/usr/local/icinga-web/app/modules/EventDB/models/EventDBModel.class.php:198) (/usr/local/icinga-web/app/modules/AppKit/lib/logging/AppKitExceptionHandler.class.php:37)
[Wed Aug 31 12:17:07 2011] [fatal] Uncaught AppKitPHPError: PHP Error Undefined index: id (/usr/local/icinga-web/app/modules/EventDB/models/EventDBModel.class.php:198) (/usr/local/icinga-web/app/modules/AppKit/lib/logging/AppKitExceptionHandler.class.php:37)
[Wed Aug 31 12:17:27 2011] [fatal] Uncaught AppKitPHPError: PHP Error Undefined index: id (/usr/local/icinga-web/app/modules/EventDB/models/EventDBModel.class.php:198) (/usr/local/icinga-web/app/modules/AppKit/lib/logging/AppKitExceptionHandler.class.php:37)
[Wed Aug 31 12:17:47 2011] [fatal] Uncaught AppKitPHPError: PHP Error Undefined index: facility (/usr/local/icinga-web/app/modules/EventDB/models/EventDBModel.class.php:203) (/usr/local/icinga-web/app/modules/AppKit/lib/logging/AppKitExceptionHandler.class.php:37)
[Wed Aug 31 12:18:07 2011] [fatal] Uncaught AppKitPHPError: PHP Error Undefined index: facility (/usr/local/icinga-web/app/modules/EventDB/models/EventDBModel.class.php:203) (/usr/local/icinga-web/app/modules/AppKit/lib/logging/AppKitExceptionHandler.class.php:37)
[Wed Aug 31 12:18:27 2011] [fatal] Uncaught AppKitPHPError: PHP Error Undefined index: facility (/usr/local/icinga-web/app/modules/EventDB/models/EventDBModel.class.php:203) (/usr/local/icinga-web/app/modules/AppKit/lib/logging/AppKitExceptionHandler.class.php:37)
[Wed Aug 31 12:18:42 2011] [fatal] Uncaught AppKitPHPError: PHP Error Undefined index: facility (/usr/local/icinga-web/app/modules/EventDB/models/EventDBModel.class.php:203) (/usr/local/icinga-web/app/modules/AppKit/lib/logging/AppKitExceptionHandler.class.php:37)
[Wed Aug 31 12:18:47 2011] [fatal] Uncaught AppKitPHPError: PHP Error Undefined index: facility (/usr/local/icinga-web/app/modules/EventDB/models/EventDBModel.class.php:203) (/usr/local/icinga-web/app/modules/AppKit/lib/logging/AppKitExceptionHandler.class.php:37)
[Wed Aug 31 12:19:44 2011] [fatal] Uncaught AppKitPHPError: PHP Error Undefined index: id (/usr/local/icinga-web/app/modules/EventDB/models/EventDBModel.class.php:235) (/usr/local/icinga-web/app/modules/AppKit/lib/logging/AppKitExceptionHandler.class.php:37)
[Wed Aug 31 12:19:47 2011] [fatal] Uncaught AppKitPHPError: PHP Error Undefined index: id (/usr/local/icinga-web/app/modules/EventDB/models/EventDBModel.class.php:235) (/usr/local/icinga-web/app/modules/AppKit/lib/logging/AppKitExceptionHandler.class.php:37)
[Wed Aug 31 12:20:07 2011] [fatal] Uncaught AppKitPHPError: PHP Error Undefined index: id (/usr/local/icinga-web/app/modules/EventDB/models/EventDBModel.class.php:235) (/usr/local/icinga-web/app/modules/AppKit/lib/logging/AppKitExceptionHandler.class.php:37)
[Wed Aug 31 12:20:27 2011] [fatal] Uncaught AppKitPHPError: PHP Error Undefined offset: -1 (/usr/local/icinga-web/app/modules/EventDB/models/EventDBModel.class.php:237) (/usr/local/icinga-web/app/modules/AppKit/lib/logging/AppKitExceptionHandler.class.php:37)
[Wed Aug 31 12:20:31 2011] [fatal] Uncaught AppKitPHPError: PHP Error Undefined offset: -1 (/usr/local/icinga-web/app/modules/EventDB/models/EventDBModel.class.php:237) (/usr/local/icinga-web/app/modules/AppKit/lib/logging/AppKitExceptionHandler.class.php:37)
[Wed Aug 31 12:20:46 2011] [fatal] Uncaught AppKitPHPError: PHP Error Undefined offset: 999 (/usr/local/icinga-web/app/modules/EventDB/models/EventDBModel.class.php:237) (/usr/local/icinga-web/app/modules/AppKit/lib/logging/AppKitExceptionHandler.class.php:37)
[Wed Aug 31 12:20:47 2011] [fatal] Uncaught AppKitPHPError: PHP Error Undefined offset: 999 (/usr/local/icinga-web/app/modules/EventDB/models/EventDBModel.class.php:237) (/usr/local/icinga-web/app/modules/AppKit/lib/logging/AppKitExceptionHandler.class.php:37)
[Wed Aug 31 12:20:58 2011] [debug] Deleting sessions older that 2011-08-31T11:56:58+02:00
[Wed Aug 31 12:20:58 2011] [info] Session garbage collector, deleted 1 old sessions.
[Wed Aug 31 12:21:07 2011] [debug] Auth.Provider: Object (name=internal) initialized
[Wed Aug 31 12:21:07 2011] [debug] Auth.Provider: Object (name=auth_key) initialized
[Wed Aug 31 12:21:07 2011] [debug] Auth.Provider: Object (name=http-basic-authentication) initialized
[Wed Aug 31 12:21:07 2011] [debug] Auth.Provider.HTTPBasicAuthentification: Got data (auth_name=, auth_type=)
[Wed Aug 31 12:21:08 2011] [debug] Auth.Provider: Object (name=internal) initialized
[Wed Aug 31 12:21:08 2011] [debug] Auth.Provider: Object (name=auth_key) initialized
[Wed Aug 31 12:21:08 2011] [debug] Auth.Provider: Object (name=http-basic-authentication) initialized
[Wed Aug 31 12:21:08 2011] [debug] Auth.Provider.HTTPBasicAuthentification: Got data (auth_name=, auth_type=)
[Wed Aug 31 12:21:14 2011] [debug] Auth.Dispatch: Starting authenticate (username=root)
[Wed Aug 31 12:21:14 2011] [debug] Auth.Dispatch: Userdata found in db (uid=1)
[Wed Aug 31 12:21:14 2011] [debug] Auth.Provider: Object (name=internal) initialized
[Wed Aug 31 12:21:14 2011] [debug] Auth.Dispatch: Authoritative provider found (provider=internal, authid=root)
[Wed Aug 31 12:21:14 2011] [debug] Auth.Provider.Database: HASH(42bc5093863dce8c150387a5bb7e3061cf3ea67d2cf1779671e1b0f435e953a1)
[Wed Aug 31 12:21:14 2011] [debug] Auth.Dispatch: Successfull authentication (provder=internal)
[Wed Aug 31 12:21:14 2011] [info] Auth.Dispatch: Delegate authentication (not_authoritative=internal,user=root)
[Wed Aug 31 12:21:14 2011] [debug] Auth.Provider: Object (name=auth_key) initialized
[Wed Aug 31 12:21:14 2011] [debug] Auth.Provider: Object (name=http-basic-authentication) initialized
[Wed Aug 31 12:21:14 2011] [debug] Auth.Dispatch: Delegate authentication, try http-basic-authentication (not_authoritative=internal,user=root)
[Wed Aug 31 12:21:14 2011] [error] Auth.Dispatch: Delegate authentication, no providers found for root (not_authoritative=internal)
[Wed Aug 31 12:21:14 2011] [info] User root (Root, Enoch) logged in!
[Wed Aug 31 12:21:19 2011] [fatal] Uncaught AppKitPHPError: PHP Error Undefined index: __count (/usr/local/icinga-web/app/modules/EventDB/models/EventDBModel.class.php:250) (/usr/local/icinga-web/app/modules/AppKit/lib/logging/AppKitExceptionHandler.class.php:37)
[Wed Aug 31 12:21:20 2011] [fatal] Uncaught AppKitPHPError: PHP Error Undefined index: __count (/usr/local/icinga-web/app/modules/EventDB/models/EventDBModel.class.php:250) (/usr/local/icinga-web/app/modules/AppKit/lib/logging/AppKitExceptionHandler.class.php:37)
[Wed Aug 31 12:21:27 2011] [fatal] Uncaught AppKitPHPError: PHP Error Undefined index: __count (/usr/local/icinga-web/app/modules/EventDB/models/EventDBModel.class.php:250) (/usr/local/icinga-web/app/modules/AppKit/lib/logging/AppKitExceptionHandler.class.php:37)
[Wed Aug 31 12:21:39 2011] [fatal] Uncaught AppKitPHPError: PHP Error Undefined index: __count (/usr/local/icinga-web/app/modules/EventDB/models/EventDBModel.class.php:250) (/usr/local/icinga-web/app/modules/AppKit/lib/logging/AppKitExceptionHandler.class.php:37)
[Wed Aug 31 12:22:28 2011] [fatal] Uncaught AppKitPHPError: PHP Error Undefined index: EventDbEvent___count (/usr/local/icinga-web/app/modules/EventDB/models/EventDBModel.class.php:251) (/usr/local/icinga-web/app/modules/AppKit/lib/logging/AppKitExceptionHandler.class.php:37)
[Wed Aug 31 12:22:39 2011] [fatal] Uncaught AppKitPHPError: PHP Error Undefined index: __count (/usr/local/icinga-web/app/modules/EventDB/models/EventDBModel.class.php:251) (/usr/local/icinga-web/app/modules/AppKit/lib/logging/AppKitExceptionHandler.class.php:37)
[Wed Aug 31 12:22:42 2011] [fatal] Uncaught AppKitPHPError: PHP Error Undefined index: __count (/usr/local/icinga-web/app/modules/EventDB/models/EventDBModel.class.php:251) (/usr/local/icinga-web/app/modules/AppKit/lib/logging/AppKitExceptionHandler.class.php:37)
[Wed Aug 31 12:26:19 2011] [fatal] Uncaught AppKitPHPError: PHP Error explode() expects parameter 2 to be string, array given (/usr/local/icinga-web/app/modules/EventDB/models/EventDBModel.class.php:311) (/usr/local/icinga-web/app/modules/AppKit/lib/logging/AppKitExceptionHandler.class.php:37)
[Wed Aug 31 12:26:39 2011] [fatal] Uncaught AppKitPHPError: PHP Error Undefined offset: 1 (/usr/local/icinga-web/app/modules/EventDB/models/EventDBModel.class.php:312) (/usr/local/icinga-web/app/modules/AppKit/lib/logging/AppKitExceptionHandler.class.php:37)
[Wed Aug 31 12:26:40 2011] [fatal] Uncaught AppKitPHPError: PHP Error Undefined offset: 1 (/usr/local/icinga-web/app/modules/EventDB/models/EventDBModel.class.php:312) (/usr/local/icinga-web/app/modules/AppKit/lib/logging/AppKitExceptionHandler.class.php:37)
[Wed Aug 31 12:26:54 2011] [fatal] Uncaught AppKitPHPError: PHP Error Undefined offset: 1 (/usr/local/icinga-web/app/modules/EventDB/models/EventDBModel.class.php:313) (/usr/local/icinga-web/app/modules/AppKit/lib/logging/AppKitExceptionHandler.class.php:37)
[Wed Aug 31 12:26:59 2011] [fatal] Uncaught AppKitPHPError: PHP Error Undefined offset: 1 (/usr/local/icinga-web/app/modules/EventDB/models/EventDBModel.class.php:313) (/usr/local/icinga-web/app/modules/AppKit/lib/logging/AppKitExceptionHandler.class.php:37)
[Wed Aug 31 12:28:04 2011] [fatal] Uncaught AppKitPHPError: PHP Error Undefined index: l (/usr/local/icinga-web/app/modules/EventDB/models/EventDBModel.class.php:205) (/usr/local/icinga-web/app/modules/AppKit/lib/logging/AppKitExceptionHandler.class.php:37)
[Wed Aug 31 12:28:59 2011] [fatal] Uncaught AppKitPHPError: PHP Error Undefined index: u (/usr/local/icinga-web/app/modules/EventDB/models/EventDBModel.class.php:208) (/usr/local/icinga-web/app/modules/AppKit/lib/logging/AppKitExceptionHandler.class.php:37)
[Wed Aug 31 12:29:39 2011] [fatal] Uncaught AppKitPHPError: PHP Error Undefined index: ip_address (/usr/local/icinga-web/app/modules/EventDB/models/EventDBModel.class.php:210) (/usr/local/icinga-web/app/modules/AppKit/lib/logging/AppKitExceptionHandler.class.php:37)
[Wed Aug 31 12:29:50 2011] [fatal] Uncaught AppKitPHPError: PHP Error Undefined index: ip_address (/usr/local/icinga-web/app/modules/EventDB/models/EventDBModel.class.php:210) (/usr/local/icinga-web/app/modules/AppKit/lib/logging/AppKitExceptionHandler.class.php:37)
[Wed Aug 31 12:29:51 2011] [fatal] Uncaught AppKitPHPError: PHP Error Undefined index: ip_address (/usr/local/icinga-web/app/modules/EventDB/models/EventDBModel.class.php:210) (/usr/local/icinga-web/app/modules/AppKit/lib/logging/AppKitExceptionHandler.class.php:37)
[Wed Aug 31 12:30:10 2011] [fatal] Uncaught AppKitPHPError: PHP Error Undefined index: ip_address (/usr/local/icinga-web/app/modules/EventDB/models/EventDBModel.class.php:210) (/usr/local/icinga-web/app/modules/AppKit/lib/logging/AppKitExceptionHandler.class.php:37)
[Wed Aug 31 12:30:45 2011] [fatal] Uncaught AppKitPHPError: PHP Error Undefined index: ip_address (/usr/local/icinga-web/app/modules/EventDB/models/EventDBModel.class.php:210) (/usr/local/icinga-web/app/modules/AppKit/lib/logging/AppKitExceptionHandler.class.php:37)
[Wed Aug 31 12:31:04 2011] [fatal] Uncaught AppKitPHPError: PHP Error Undefined index: ip_address (/usr/local/icinga-web/app/modules/EventDB/models/EventDBModel.class.php:210) (/usr/local/icinga-web/app/modules/AppKit/lib/logging/AppKitExceptionHandler.class.php:37)
[Wed Aug 31 12:31:24 2011] [fatal] Uncaught AppKitPHPError: PHP Error Undefined offset: 1 (/usr/local/icinga-web/app/modules/EventDB/models/EventDBModel.class.php:316) (/usr/local/icinga-web/app/modules/AppKit/lib/logging/AppKitExceptionHandler.class.php:37)
[Wed Aug 31 12:31:35 2011] [fatal] Uncaught AppKitPHPError: PHP Error Undefined index: __count (/usr/local/icinga-web/app/modules/EventDB/models/EventDBModel.class.php:254) (/usr/local/icinga-web/app/modules/AppKit/lib/logging/AppKitExceptionHandler.class.php:37)
[Wed Aug 31 12:35:38 2011] [fatal] Uncaught AppKitPHPError: PHP Error oci_execute(): ORA-00936: missing expression (/usr/local/icinga-web/lib/doctrine/lib/Doctrine/Adapter/Statement/Oracle.php:267) (/usr/local/icinga-web/app/modules/AppKit/lib/logging/AppKitExceptionHandler.class.php:37)
[Wed Aug 31 12:36:39 2011] [fatal] Uncaught AppKitPHPError: PHP Error oci_execute(): ORA-00936: missing expression (/usr/local/icinga-web/lib/doctrine/lib/Doctrine/Adapter/Statement/Oracle.php:267) (/usr/local/icinga-web/app/modules/AppKit/lib/logging/AppKitExceptionHandler.class.php:37)
[Wed Aug 31 12:36:42 2011] [fatal] Uncaught AppKitPHPError: PHP Error oci_execute(): ORA-00936: missing expression (/usr/local/icinga-web/lib/doctrine/lib/Doctrine/Adapter/Statement/Oracle.php:267) (/usr/local/icinga-web/app/modules/AppKit/lib/logging/AppKitExceptionHandler.class.php:37)
[Wed Aug 31 12:37:23 2011] [fatal] Uncaught AppKitPHPError: PHP Error oci_execute(): ORA-00936: missing expression (/usr/local/icinga-web/lib/doctrine/lib/Doctrine/Adapter/Statement/Oracle.php:267) (/usr/local/icinga-web/app/modules/AppKit/lib/logging/AppKitExceptionHandler.class.php:37)
[Wed Aug 31 12:38:50 2011] [fatal] Uncaught AppKitPHPError: PHP Error oci_execute(): ORA-00936: missing expression (/usr/local/icinga-web/lib/doctrine/lib/Doctrine/Adapter/Statement/Oracle.php:267) (/usr/local/icinga-web/app/modules/AppKit/lib/logging/AppKitExceptionHandler.class.php:37)
[Wed Aug 31 13:21:48 2011] [fatal] Uncaught AppKitPHPError: PHP Error Undefined variable: ilter (/usr/local/icinga-web/app/modules/EventDB/models/EventDBModel.class.php:187) (/usr/local/icinga-web/app/modules/AppKit/lib/logging/AppKitExceptionHandler.class.php:37)
[Wed Aug 31 13:22:05 2011] [fatal] Uncaught AppKitPHPError: PHP Error Undefined variable: ilter (/usr/local/icinga-web/app/modules/EventDB/models/EventDBModel.class.php:187) (/usr/local/icinga-web/app/modules/AppKit/lib/logging/AppKitExceptionHandler.class.php:37)
[Wed Aug 31 13:22:24 2011] [debug] Deleting sessions older that 2011-08-31T12:58:24+02:00
[Wed Aug 31 13:22:25 2011] [info] Session garbage collector, deleted 1 old sessions.
[Wed Aug 31 13:22:25 2011] [fatal] Uncaught AppKitPHPError: PHP Error Undefined variable: ilter (/usr/local/icinga-web/app/modules/EventDB/models/EventDBModel.class.php:187) (/usr/local/icinga-web/app/modules/AppKit/lib/logging/AppKitExceptionHandler.class.php:37)
[Wed Aug 31 13:22:44 2011] [debug] Auth.Provider: Object (name=internal) initialized
[Wed Aug 31 13:22:44 2011] [debug] Auth.Provider: Object (name=auth_key) initialized
[Wed Aug 31 13:22:44 2011] [debug] Auth.Provider: Object (name=http-basic-authentication) initialized
[Wed Aug 31 13:22:44 2011] [debug] Auth.Provider.HTTPBasicAuthentification: Got data (auth_name=, auth_type=)
[Wed Aug 31 13:22:45 2011] [debug] Auth.Provider: Object (name=internal) initialized
[Wed Aug 31 13:22:45 2011] [debug] Auth.Provider: Object (name=auth_key) initialized
[Wed Aug 31 13:22:45 2011] [debug] Auth.Provider: Object (name=http-basic-authentication) initialized
[Wed Aug 31 13:22:45 2011] [debug] Auth.Provider.HTTPBasicAuthentification: Got data (auth_name=, auth_type=)
[Wed Aug 31 13:22:45 2011] [debug] Auth.Provider: Object (name=internal) initialized
[Wed Aug 31 13:22:45 2011] [debug] Auth.Provider: Object (name=auth_key) initialized
[Wed Aug 31 13:22:45 2011] [debug] Auth.Provider: Object (name=http-basic-authentication) initialized
[Wed Aug 31 13:22:45 2011] [debug] Auth.Provider.HTTPBasicAuthentification: Got data (auth_name=, auth_type=)
[Wed Aug 31 13:22:46 2011] [debug] Auth.Provider: Object (name=internal) initialized
[Wed Aug 31 13:22:46 2011] [debug] Auth.Provider: Object (name=auth_key) initialized
[Wed Aug 31 13:22:46 2011] [debug] Auth.Provider: Object (name=http-basic-authentication) initialized
[Wed Aug 31 13:22:46 2011] [debug] Auth.Provider.HTTPBasicAuthentification: Got data (auth_name=, auth_type=)
[Wed Aug 31 13:22:50 2011] [debug] Auth.Dispatch: Starting authenticate (username=root)
[Wed Aug 31 13:22:50 2011] [debug] Auth.Dispatch: Userdata found in db (uid=1)
[Wed Aug 31 13:22:50 2011] [debug] Auth.Provider: Object (name=internal) initialized
[Wed Aug 31 13:22:50 2011] [debug] Auth.Dispatch: Authoritative provider found (provider=internal, authid=root)
[Wed Aug 31 13:22:50 2011] [debug] Auth.Provider.Database: HASH(42bc5093863dce8c150387a5bb7e3061cf3ea67d2cf1779671e1b0f435e953a1)
[Wed Aug 31 13:22:50 2011] [debug] Auth.Dispatch: Successfull authentication (provder=internal)
[Wed Aug 31 13:22:50 2011] [info] Auth.Dispatch: Delegate authentication (not_authoritative=internal,user=root)
[Wed Aug 31 13:22:50 2011] [debug] Auth.Provider: Object (name=auth_key) initialized
[Wed Aug 31 13:22:50 2011] [debug] Auth.Provider: Object (name=http-basic-authentication) initialized
[Wed Aug 31 13:22:50 2011] [debug] Auth.Dispatch: Delegate authentication, try http-basic-authentication (not_authoritative=internal,user=root)
[Wed Aug 31 13:22:50 2011] [error] Auth.Dispatch: Delegate authentication, no providers found for root (not_authoritative=internal)
[Wed Aug 31 13:22:51 2011] [info] User root (Root, Enoch) logged in!
[Wed Aug 31 13:25:04 2011] [fatal] Uncaught AppKitPHPError: PHP Error Undefined variable: default (/usr/local/icinga-web/app/modules/EventDB/models/EventDBModel.class.php:289) (/usr/local/icinga-web/app/modules/AppKit/lib/logging/AppKitExceptionHandler.class.php:37)
[Wed Aug 31 13:25:07 2011] [fatal] Uncaught AppKitPHPError: PHP Error Undefined variable: default (/usr/local/icinga-web/app/modules/EventDB/models/EventDBModel.class.php:289) (/usr/local/icinga-web/app/modules/AppKit/lib/logging/AppKitExceptionHandler.class.php:37)
[Wed Aug 31 13:27:09 2011] [fatal] Uncaught AppKitPHPError: PHP Error oci_execute(): ORA-00920: invalid relational operator (/usr/local/icinga-web/lib/doctrine/lib/Doctrine/Adapter/Statement/Oracle.php:267) (/usr/local/icinga-web/app/modules/AppKit/lib/logging/AppKitExceptionHandler.class.php:37)
[Wed Aug 31 13:27:20 2011] [fatal] Uncaught AppKitPHPError: PHP Error oci_execute(): ORA-00920: invalid relational operator (/usr/local/icinga-web/lib/doctrine/lib/Doctrine/Adapter/Statement/Oracle.php:267) (/usr/local/icinga-web/app/modules/AppKit/lib/logging/AppKitExceptionHandler.class.php:37)
[Wed Aug 31 13:28:01 2011] [fatal] Uncaught AppKitPHPError: PHP Error oci_execute(): ORA-00920: invalid relational operator (/usr/local/icinga-web/lib/doctrine/lib/Doctrine/Adapter/Statement/Oracle.php:267) (/usr/local/icinga-web/app/modules/AppKit/lib/logging/AppKitExceptionHandler.class.php:37)
[Wed Aug 31 13:28:21 2011] [fatal] Uncaught AppKitPHPError: PHP Error oci_execute(): ORA-00920: invalid relational operator (/usr/local/icinga-web/lib/doctrine/lib/Doctrine/Adapter/Statement/Oracle.php:267) (/usr/local/icinga-web/app/modules/AppKit/lib/logging/AppKitExceptionHandler.class.php:37)
[Wed Aug 31 13:29:01 2011] [fatal] Uncaught AppKitPHPError: PHP Error oci_execute(): ORA-00920: invalid relational operator (/usr/local/icinga-web/lib/doctrine/lib/Doctrine/Adapter/Statement/Oracle.php:267) (/usr/local/icinga-web/app/modules/AppKit/lib/logging/AppKitExceptionHandler.class.php:37)
[Wed Aug 31 13:29:21 2011] [fatal] Uncaught AppKitPHPError: PHP Error oci_execute(): ORA-00920: invalid relational operator (/usr/local/icinga-web/lib/doctrine/lib/Doctrine/Adapter/Statement/Oracle.php:267) (/usr/local/icinga-web/app/modules/AppKit/lib/logging/AppKitExceptionHandler.class.php:37)
[Wed Aug 31 13:30:02 2011] [fatal] Uncaught AppKitPHPError: PHP Error oci_execute(): ORA-00920: invalid relational operator (/usr/local/icinga-web/lib/doctrine/lib/Doctrine/Adapter/Statement/Oracle.php:267) (/usr/local/icinga-web/app/modules/AppKit/lib/logging/AppKitExceptionHandler.class.php:37)
[Wed Aug 31 13:30:06 2011] [fatal] Uncaught AppKitPHPError: PHP Error oci_execute(): ORA-00920: invalid relational operator (/usr/local/icinga-web/lib/doctrine/lib/Doctrine/Adapter/Statement/Oracle.php:267) (/usr/local/icinga-web/app/modules/AppKit/lib/logging/AppKitExceptionHandler.class.php:37)
[Wed Aug 31 13:30:07 2011] [fatal] Uncaught AppKitPHPError: PHP Error oci_execute(): ORA-00920: invalid relational operator (/usr/local/icinga-web/lib/doctrine/lib/Doctrine/Adapter/Statement/Oracle.php:267) (/usr/local/icinga-web/app/modules/AppKit/lib/logging/AppKitExceptionHandler.class.php:37)
[Wed Aug 31 13:30:22 2011] [fatal] Uncaught AppKitPHPError: PHP Error oci_execute(): ORA-00920: invalid relational operator (/usr/local/icinga-web/lib/doctrine/lib/Doctrine/Adapter/Statement/Oracle.php:267) (/usr/local/icinga-web/app/modules/AppKit/lib/logging/AppKitExceptionHandler.class.php:37)
[Wed Aug 31 13:31:14 2011] [fatal] Uncaught AppKitPHPError: PHP Error oci_execute(): ORA-00920: invalid relational operator (/usr/local/icinga-web/lib/doctrine/lib/Doctrine/Adapter/Statement/Oracle.php:267) (/usr/local/icinga-web/app/modules/AppKit/lib/logging/AppKitExceptionHandler.class.php:37)
[Wed Aug 31 13:31:22 2011] [fatal] Uncaught AppKitPHPError: PHP Error oci_execute(): ORA-00920: invalid relational operator (/usr/local/icinga-web/lib/doctrine/lib/Doctrine/Adapter/Statement/Oracle.php:267) (/usr/local/icinga-web/app/modules/AppKit/lib/logging/AppKitExceptionHandler.class.php:37)
[Wed Aug 31 13:32:02 2011] [fatal] Uncaught AppKitPHPError: PHP Error oci_execute(): ORA-00920: invalid relational operator (/usr/local/icinga-web/lib/doctrine/lib/Doctrine/Adapter/Statement/Oracle.php:267) (/usr/local/icinga-web/app/modules/AppKit/lib/logging/AppKitExceptionHandler.class.php:37)
[Wed Aug 31 13:32:22 2011] [fatal] Uncaught AppKitPHPError: PHP Error oci_execute(): ORA-00920: invalid relational operator (/usr/local/icinga-web/lib/doctrine/lib/Doctrine/Adapter/Statement/Oracle.php:267) (/usr/local/icinga-web/app/modules/AppKit/lib/logging/AppKitExceptionHandler.class.php:37)
[Wed Aug 31 13:33:02 2011] [fatal] Uncaught AppKitPHPError: PHP Error oci_execute(): ORA-00920: invalid relational operator (/usr/local/icinga-web/lib/doctrine/lib/Doctrine/Adapter/Statement/Oracle.php:267) (/usr/local/icinga-web/app/modules/AppKit/lib/logging/AppKitExceptionHandler.class.php:37)
[Wed Aug 31 13:33:22 2011] [fatal] Uncaught AppKitPHPError: PHP Error oci_execute(): ORA-00920: invalid relational operator (/usr/local/icinga-web/lib/doctrine/lib/Doctrine/Adapter/Statement/Oracle.php:267) (/usr/local/icinga-web/app/modules/AppKit/lib/logging/AppKitExceptionHandler.class.php:37)
[Wed Aug 31 13:34:02 2011] [fatal] Uncaught AppKitPHPError: PHP Error oci_execute(): ORA-00920: invalid relational operator (/usr/local/icinga-web/lib/doctrine/lib/Doctrine/Adapter/Statement/Oracle.php:267) (/usr/local/icinga-web/app/modules/AppKit/lib/logging/AppKitExceptionHandler.class.php:37)
[Wed Aug 31 13:34:22 2011] [fatal] Uncaught AppKitPHPError: PHP Error oci_execute(): ORA-00920: invalid relational operator (/usr/local/icinga-web/lib/doctrine/lib/Doctrine/Adapter/Statement/Oracle.php:267) (/usr/local/icinga-web/app/modules/AppKit/lib/logging/AppKitExceptionHandler.class.php:37)
[Wed Aug 31 13:35:02 2011] [fatal] Uncaught AppKitPHPError: PHP Error oci_execute(): ORA-00920: invalid relational operator (/usr/local/icinga-web/lib/doctrine/lib/Doctrine/Adapter/Statement/Oracle.php:267) (/usr/local/icinga-web/app/modules/AppKit/lib/logging/AppKitExceptionHandler.class.php:37)
[Wed Aug 31 13:35:22 2011] [fatal] Uncaught AppKitPHPError: PHP Error oci_execute(): ORA-00920: invalid relational operator (/usr/local/icinga-web/lib/doctrine/lib/Doctrine/Adapter/Statement/Oracle.php:267) (/usr/local/icinga-web/app/modules/AppKit/lib/logging/AppKitExceptionHandler.class.php:37)
[Wed Aug 31 13:36:02 2011] [fatal] Uncaught AppKitPHPError: PHP Error oci_execute(): ORA-00920: invalid relational operator (/usr/local/icinga-web/lib/doctrine/lib/Doctrine/Adapter/Statement/Oracle.php:267) (/usr/local/icinga-web/app/modules/AppKit/lib/logging/AppKitExceptionHandler.class.php:37)
[Wed Aug 31 13:36:08 2011] [fatal] Uncaught AppKitPHPError: PHP Error oci_execute(): ORA-00920: invalid relational operator (/usr/local/icinga-web/lib/doctrine/lib/Doctrine/Adapter/Statement/Oracle.php:267) (/usr/local/icinga-web/app/modules/AppKit/lib/logging/AppKitExceptionHandler.class.php:37)
[Wed Aug 31 13:36:22 2011] [fatal] Uncaught AppKitPHPError: PHP Error oci_execute(): ORA-00920: invalid relational operator (/usr/local/icinga-web/lib/doctrine/lib/Doctrine/Adapter/Statement/Oracle.php:267) (/usr/local/icinga-web/app/modules/AppKit/lib/logging/AppKitExceptionHandler.class.php:37)
[Wed Aug 31 13:36:47 2011] [fatal] Uncaught AppKitPHPError: PHP Error oci_execute(): ORA-00920: invalid relational operator (/usr/local/icinga-web/lib/doctrine/lib/Doctrine/Adapter/Statement/Oracle.php:267) (/usr/local/icinga-web/app/modules/AppKit/lib/logging/AppKitExceptionHandler.class.php:37)
[Wed Aug 31 13:37:00 2011] [fatal] Uncaught AppKitPHPError: PHP Error oci_execute(): ORA-00920: invalid relational operator (/usr/local/icinga-web/lib/doctrine/lib/Doctrine/Adapter/Statement/Oracle.php:267) (/usr/local/icinga-web/app/modules/AppKit/lib/logging/AppKitExceptionHandler.class.php:37)
[Wed Aug 31 13:37:02 2011] [fatal] Uncaught AppKitPHPError: PHP Error oci_execute(): ORA-00920: invalid relational operator (/usr/local/icinga-web/lib/doctrine/lib/Doctrine/Adapter/Statement/Oracle.php:267) (/usr/local/icinga-web/app/modules/AppKit/lib/logging/AppKitExceptionHandler.class.php:37)
[Wed Aug 31 13:37:38 2011] [fatal] Uncaught AppKitPHPError: PHP Error oci_execute(): ORA-00920: invalid relational operator (/usr/local/icinga-web/lib/doctrine/lib/Doctrine/Adapter/Statement/Oracle.php:267) (/usr/local/icinga-web/app/modules/AppKit/lib/logging/AppKitExceptionHandler.class.php:37)
[Wed Aug 31 13:37:52 2011] [fatal] Uncaught AppKitPHPError: PHP Error oci_execute(): ORA-00920: invalid relational operator (/usr/local/icinga-web/lib/doctrine/lib/Doctrine/Adapter/Statement/Oracle.php:267) (/usr/local/icinga-web/app/modules/AppKit/lib/logging/AppKitExceptionHandler.class.php:37)
[Wed Aug 31 13:38:55 2011] [fatal] Uncaught AppKitPHPError: PHP Error oci_execute(): ORA-00920: invalid relational operator (/usr/local/icinga-web/lib/doctrine/lib/Doctrine/Adapter/Statement/Oracle.php:267) (/usr/local/icinga-web/app/modules/AppKit/lib/logging/AppKitExceptionHandler.class.php:37)
[Wed Aug 31 13:38:56 2011] [fatal] Uncaught AppKitPHPError: PHP Error oci_execute(): ORA-00920: invalid relational operator (/usr/local/icinga-web/lib/doctrine/lib/Doctrine/Adapter/Statement/Oracle.php:267) (/usr/local/icinga-web/app/modules/AppKit/lib/logging/AppKitExceptionHandler.class.php:37)
[Wed Aug 31 13:39:05 2011] [fatal] Uncaught AppKitPHPError: PHP Error oci_execute(): ORA-00920: invalid relational operator (/usr/local/icinga-web/lib/doctrine/lib/Doctrine/Adapter/Statement/Oracle.php:267) (/usr/local/icinga-web/app/modules/AppKit/lib/logging/AppKitExceptionHandler.class.php:37)
[Wed Aug 31 13:39:47 2011] [fatal] Uncaught AppKitPHPError: PHP Error oci_execute(): ORA-00920: invalid relational operator (/usr/local/icinga-web/lib/doctrine/lib/Doctrine/Adapter/Statement/Oracle.php:267) (/usr/local/icinga-web/app/modules/AppKit/lib/logging/AppKitExceptionHandler.class.php:37)
[Wed Aug 31 13:39:56 2011] [fatal] Uncaught AppKitPHPError: PHP Error oci_execute(): ORA-00920: invalid relational operator (/usr/local/icinga-web/lib/doctrine/lib/Doctrine/Adapter/Statement/Oracle.php:267) (/usr/local/icinga-web/app/modules/AppKit/lib/logging/AppKitExceptionHandler.class.php:37)
[Wed Aug 31 13:40:14 2011] [fatal] Uncaught AppKitPHPError: PHP Error oci_execute(): ORA-00920: invalid relational operator (/usr/local/icinga-web/lib/doctrine/lib/Doctrine/Adapter/Statement/Oracle.php:267) (/usr/local/icinga-web/app/modules/AppKit/lib/logging/AppKitExceptionHandler.class.php:37)
[Wed Aug 31 13:41:44 2011] [fatal] Uncaught AppKitPHPError: PHP Error oci_execute(): ORA-00920: invalid relational operator (/usr/local/icinga-web/lib/doctrine/lib/Doctrine/Adapter/Statement/Oracle.php:267) (/usr/local/icinga-web/app/modules/AppKit/lib/logging/AppKitExceptionHandler.class.php:37)
[Wed Aug 31 13:42:22 2011] [fatal] Uncaught AppKitPHPError: PHP Error oci_execute(): ORA-00920: invalid relational operator (/usr/local/icinga-web/lib/doctrine/lib/Doctrine/Adapter/Statement/Oracle.php:267) (/usr/local/icinga-web/app/modules/AppKit/lib/logging/AppKitExceptionHandler.class.php:37)
[Wed Aug 31 13:44:06 2011] [fatal] Uncaught AppKitPHPError: PHP Error oci_execute(): ORA-00907: missing right parenthesis (/usr/local/icinga-web/lib/doctrine/lib/Doctrine/Adapter/Statement/Oracle.php:267) (/usr/local/icinga-web/app/modules/AppKit/lib/logging/AppKitExceptionHandler.class.php:37)
[Wed Aug 31 13:44:22 2011] [fatal] Uncaught AppKitPHPError: PHP Error oci_execute(): ORA-00907: missing right parenthesis (/usr/local/icinga-web/lib/doctrine/lib/Doctrine/Adapter/Statement/Oracle.php:267) (/usr/local/icinga-web/app/modules/AppKit/lib/logging/AppKitExceptionHandler.class.php:37)
[Wed Aug 31 13:44:27 2011] [fatal] Uncaught AppKitPHPError: PHP Error oci_execute(): ORA-00920: invalid relational operator (/usr/local/icinga-web/lib/doctrine/lib/Doctrine/Adapter/Statement/Oracle.php:267) (/usr/local/icinga-web/app/modules/AppKit/lib/logging/AppKitExceptionHandler.class.php:37)
[Wed Aug 31 13:45:02 2011] [fatal] Uncaught AppKitPHPError: PHP Error oci_execute(): ORA-00920: invalid relational operator (/usr/local/icinga-web/lib/doctrine/lib/Doctrine/Adapter/Statement/Oracle.php:267) (/usr/local/icinga-web/app/modules/AppKit/lib/logging/AppKitExceptionHandler.class.php:37)
[Wed Aug 31 14:04:22 2011] [error] Fetch failed with message SQLSTATE[42S22]: Column not found: 1054 Unknown column 'i9.contactgroup_object_id' in 'on clause'
 Query: SELECT DISTINCT MIN(i4.execution_time) AS i4__0, MIN(i4.execution_time) AS i4__1, MAX(i4.execution_time) AS i4__2, MAX(i4.execution_time) AS i4__3, AVG(i4.execution_time) AS i4__4, AVG(i4.execution_time) AS i4__5, MIN(i4.latency) AS i4__6, MIN(i4.latency) AS i4__6, MAX(i4.latency) AS i4__7, MAX(i4.latency) AS i4__7, AVG(i4.latency) AS i4__8, AVG(i4.latency) AS i4__8 FROM icinga_objects i LEFT JOIN icinga_objects i2 ON i.object_id = i2.object_id AND (i.objecttype_id = 2) LEFT JOIN icinga_services i3 ON i2.object_id = i3.service_object_id LEFT JOIN icinga_servicestatus i4 ON i3.service_object_id = i4.service_object_id INNER JOIN icinga_objects i5 ON (((i5.object_id = i.object_id AND i.objecttype_id = 1) OR i5.object_id = i3.host_object_id)) INNER JOIN icinga_hosts i6 ON i5.object_id = i6.host_object_id LEFT JOIN icinga_hoststatus i7 ON i6.host_object_id = i7.host_object_id INNER JOIN icinga_service_contacts i9 ON (i3.service_id = i9.service_id) INNER JOIN icinga_contacts i8 ON i8.contact_object_id = i9.contactgroup_object_id INNER JOIN icinga_objects i10 ON i8.contact_object_id = i10.object_id WHERE (i6.config_type = ? AND i10.name1 = 'root') 
TargetStore info (IcingaApiModel): 
               	 - Store target: IcingaObjects
               	 - Searchtype: 
[Wed Aug 31 14:05:23 2011] [error] Fetch failed with message SQLSTATE[42S22]: Column not found: 1054 Unknown column 'i9.contactgroup_object_id' in 'on clause'
 Query: SELECT DISTINCT MIN(i4.execution_time) AS i4__0, MIN(i4.execution_time) AS i4__1, MAX(i4.execution_time) AS i4__2, MAX(i4.execution_time) AS i4__3, AVG(i4.execution_time) AS i4__4, AVG(i4.execution_time) AS i4__5, MIN(i4.latency) AS i4__6, MIN(i4.latency) AS i4__6, MAX(i4.latency) AS i4__7, MAX(i4.latency) AS i4__7, AVG(i4.latency) AS i4__8, AVG(i4.latency) AS i4__8 FROM icinga_objects i LEFT JOIN icinga_objects i2 ON i.object_id = i2.object_id AND (i.objecttype_id = 2) LEFT JOIN icinga_services i3 ON i2.object_id = i3.service_object_id LEFT JOIN icinga_servicestatus i4 ON i3.service_object_id = i4.service_object_id INNER JOIN icinga_objects i5 ON (((i5.object_id = i.object_id AND i.objecttype_id = 1) OR i5.object_id = i3.host_object_id)) INNER JOIN icinga_hosts i6 ON i5.object_id = i6.host_object_id LEFT JOIN icinga_hoststatus i7 ON i6.host_object_id = i7.host_object_id INNER JOIN icinga_service_contacts i9 ON (i3.service_id = i9.service_id) INNER JOIN icinga_contacts i8 ON i8.contact_object_id = i9.contactgroup_object_id INNER JOIN icinga_objects i10 ON i8.contact_object_id = i10.object_id WHERE (i6.config_type = ? AND i10.name1 = 'root') 
TargetStore info (IcingaApiModel): 
               	 - Store target: IcingaObjects
               	 - Searchtype: 
[Wed Aug 31 14:06:22 2011] [error] Fetch failed with message SQLSTATE[42S22]: Column not found: 1054 Unknown column 'i9.contactgroup_object_id' in 'on clause'
 Query: SELECT DISTINCT MIN(i4.execution_time) AS i4__0, MIN(i4.execution_time) AS i4__1, MAX(i4.execution_time) AS i4__2, MAX(i4.execution_time) AS i4__3, AVG(i4.execution_time) AS i4__4, AVG(i4.execution_time) AS i4__5, MIN(i4.latency) AS i4__6, MIN(i4.latency) AS i4__6, MAX(i4.latency) AS i4__7, MAX(i4.latency) AS i4__7, AVG(i4.latency) AS i4__8, AVG(i4.latency) AS i4__8 FROM icinga_objects i LEFT JOIN icinga_objects i2 ON i.object_id = i2.object_id AND (i.objecttype_id = 2) LEFT JOIN icinga_services i3 ON i2.object_id = i3.service_object_id LEFT JOIN icinga_servicestatus i4 ON i3.service_object_id = i4.service_object_id INNER JOIN icinga_objects i5 ON (((i5.object_id = i.object_id AND i.objecttype_id = 1) OR i5.object_id = i3.host_object_id)) INNER JOIN icinga_hosts i6 ON i5.object_id = i6.host_object_id LEFT JOIN icinga_hoststatus i7 ON i6.host_object_id = i7.host_object_id INNER JOIN icinga_service_contacts i9 ON (i3.service_id = i9.service_id) INNER JOIN icinga_contacts i8 ON i8.contact_object_id = i9.contactgroup_object_id INNER JOIN icinga_objects i10 ON i8.contact_object_id = i10.object_id WHERE (i6.config_type = ? AND i10.name1 = 'root') 
TargetStore info (IcingaApiModel): 
               	 - Store target: IcingaObjects
               	 - Searchtype: 
[Wed Aug 31 14:08:11 2011] [error] Fetch failed with message SQLSTATE[42S22]: Column not found: 1054 Unknown column 'i9.contactgroup_object_id' in 'on clause'
 Query: SELECT DISTINCT MIN(i4.execution_time) AS i4__0, MIN(i4.execution_time) AS i4__1, MAX(i4.execution_time) AS i4__2, MAX(i4.execution_time) AS i4__3, AVG(i4.execution_time) AS i4__4, AVG(i4.execution_time) AS i4__5, MIN(i4.latency) AS i4__6, MIN(i4.latency) AS i4__6, MAX(i4.latency) AS i4__7, MAX(i4.latency) AS i4__7, AVG(i4.latency) AS i4__8, AVG(i4.latency) AS i4__8 FROM icinga_objects i LEFT JOIN icinga_objects i2 ON i.object_id = i2.object_id AND (i.objecttype_id = 2) LEFT JOIN icinga_services i3 ON i2.object_id = i3.service_object_id LEFT JOIN icinga_servicestatus i4 ON i3.service_object_id = i4.service_object_id INNER JOIN icinga_objects i5 ON (((i5.object_id = i.object_id AND i.objecttype_id = 1) OR i5.object_id = i3.host_object_id)) INNER JOIN icinga_hosts i6 ON i5.object_id = i6.host_object_id LEFT JOIN icinga_hoststatus i7 ON i6.host_object_id = i7.host_object_id INNER JOIN icinga_service_contacts i9 ON (i3.service_id = i9.service_id) INNER JOIN icinga_contacts i8 ON i8.contact_object_id = i9.contactgroup_object_id INNER JOIN icinga_objects i10 ON i8.contact_object_id = i10.object_id WHERE (i6.config_type = ? AND i10.name1 = 'root') 
TargetStore info (IcingaApiModel): 
               	 - Store target: IcingaObjects
               	 - Searchtype: 
[Wed Aug 31 14:09:00 2011] [error] Fetch failed with message SQLSTATE[42S22]: Column not found: 1054 Unknown column 'i9.contactgroup_object_id' in 'on clause'
 Query: SELECT DISTINCT MIN(i4.execution_time) AS i4__0, MIN(i4.execution_time) AS i4__1, MAX(i4.execution_time) AS i4__2, MAX(i4.execution_time) AS i4__3, AVG(i4.execution_time) AS i4__4, AVG(i4.execution_time) AS i4__5, MIN(i4.latency) AS i4__6, MIN(i4.latency) AS i4__6, MAX(i4.latency) AS i4__7, MAX(i4.latency) AS i4__7, AVG(i4.latency) AS i4__8, AVG(i4.latency) AS i4__8 FROM icinga_objects i LEFT JOIN icinga_objects i2 ON i.object_id = i2.object_id AND (i.objecttype_id = 2) LEFT JOIN icinga_services i3 ON i2.object_id = i3.service_object_id LEFT JOIN icinga_servicestatus i4 ON i3.service_object_id = i4.service_object_id INNER JOIN icinga_objects i5 ON (((i5.object_id = i.object_id AND i.objecttype_id = 1) OR i5.object_id = i3.host_object_id)) INNER JOIN icinga_hosts i6 ON i5.object_id = i6.host_object_id LEFT JOIN icinga_hoststatus i7 ON i6.host_object_id = i7.host_object_id INNER JOIN icinga_service_contacts i9 ON (i3.service_id = i9.service_id) INNER JOIN icinga_contacts i8 ON i8.contact_object_id = i9.contactgroup_object_id INNER JOIN icinga_objects i10 ON i8.contact_object_id = i10.object_id WHERE (i6.config_type = ? AND i10.name1 = 'root') 
TargetStore info (IcingaApiModel): 
               	 - Store target: IcingaObjects
               	 - Searchtype: 
[Wed Aug 31 14:09:58 2011] [error] Fetch failed with message SQLSTATE[42S22]: Column not found: 1054 Unknown column 'i9.contactgroup_object_id' in 'on clause'
 Query: SELECT DISTINCT MIN(i4.execution_time) AS i4__0, MIN(i4.execution_time) AS i4__1, MAX(i4.execution_time) AS i4__2, MAX(i4.execution_time) AS i4__3, AVG(i4.execution_time) AS i4__4, AVG(i4.execution_time) AS i4__5, MIN(i4.latency) AS i4__6, MIN(i4.latency) AS i4__6, MAX(i4.latency) AS i4__7, MAX(i4.latency) AS i4__7, AVG(i4.latency) AS i4__8, AVG(i4.latency) AS i4__8 FROM icinga_objects i LEFT JOIN icinga_objects i2 ON i.object_id = i2.object_id AND (i.objecttype_id = 2) LEFT JOIN icinga_services i3 ON i2.object_id = i3.service_object_id LEFT JOIN icinga_servicestatus i4 ON i3.service_object_id = i4.service_object_id INNER JOIN icinga_objects i5 ON (((i5.object_id = i.object_id AND i.objecttype_id = 1) OR i5.object_id = i3.host_object_id)) INNER JOIN icinga_hosts i6 ON i5.object_id = i6.host_object_id LEFT JOIN icinga_hoststatus i7 ON i6.host_object_id = i7.host_object_id INNER JOIN icinga_service_contacts i9 ON (i3.service_id = i9.service_id) INNER JOIN icinga_contacts i8 ON i8.contact_object_id = i9.contactgroup_object_id INNER JOIN icinga_objects i10 ON i8.contact_object_id = i10.object_id WHERE (i6.config_type = ? AND i10.name1 = 'root') 
TargetStore info (IcingaApiModel): 
               	 - Store target: IcingaObjects
               	 - Searchtype: 
[Wed Aug 31 15:22:05 2011] [info] Sending command failed Could not send command. Check if your webserver's user has correct permissions for writing to the command pipe.
[Wed Aug 31 16:09:49 2011] [debug] Auth.Provider: Object (name=internal) initialized
[Wed Aug 31 16:09:49 2011] [debug] Auth.Provider: Object (name=auth_key) initialized
[Wed Aug 31 16:09:49 2011] [debug] Auth.Provider: Object (name=http-basic-authentication) initialized
[Wed Aug 31 16:09:49 2011] [debug] Auth.Provider.HTTPBasicAuthentification: Got data (auth_name=, auth_type=)
[Wed Aug 31 16:09:49 2011] [debug] Auth.Provider: Object (name=internal) initialized
[Wed Aug 31 16:09:49 2011] [debug] Auth.Provider: Object (name=auth_key) initialized
[Wed Aug 31 16:09:49 2011] [debug] Auth.Provider: Object (name=http-basic-authentication) initialized
[Wed Aug 31 16:09:49 2011] [debug] Auth.Provider.HTTPBasicAuthentification: Got data (auth_name=, auth_type=)
[Wed Aug 31 16:09:49 2011] [debug] Auth.Provider: Object (name=internal) initialized
[Wed Aug 31 16:09:49 2011] [debug] Auth.Provider: Object (name=auth_key) initialized
[Wed Aug 31 16:09:49 2011] [debug] Auth.Provider: Object (name=http-basic-authentication) initialized
[Wed Aug 31 16:09:49 2011] [debug] Auth.Provider.HTTPBasicAuthentification: Got data (auth_name=, auth_type=)
