[Fri Aug 26 14:07:51 2011] [error] Auth.Dispatch: Delegate authentication, no providers found for root (not_authoritative=internal)
[Fri Aug 26 14:32:02 2011] [error] Userlogin by test failed!
[Fri Aug 26 14:32:05 2011] [error] Userlogin by test failed!
[Fri Aug 26 14:32:09 2011] [error] Userlogin by test failed!
[Fri Aug 26 14:32:15 2011] [error] Auth.Dispatch: Delegate authentication, no providers found for testro (not_authoritative=internal)
[Fri Aug 26 14:32:16 2011] [warn] Access with sufficient privileges to System/CronkPortal (Cronks) by testro (testro, testro)
[Fri Aug 26 14:32:33 2011] [error] Auth.Dispatch: Delegate authentication, no providers found for root (not_authoritative=internal)
[Fri Aug 26 14:33:34 2011] [error] Auth.Dispatch: Delegate authentication, no providers found for testUser (not_authoritative=internal)
[Fri Aug 26 14:36:47 2011] [error] Auth.Dispatch: Delegate authentication, no providers found for testro (not_authoritative=internal)
[Fri Aug 26 14:36:47 2011] [error] Userlogin by testRo failed!
[Fri Aug 26 14:36:50 2011] [error] Auth.Dispatch: Delegate authentication, no providers found for testro (not_authoritative=internal)
[Fri Aug 26 14:36:50 2011] [error] Userlogin by testRo failed!
[Fri Aug 26 14:36:54 2011] [error] Auth.Dispatch: Delegate authentication, no providers found for testro (not_authoritative=internal)
[Fri Aug 26 14:42:31 2011] [error] Auth.Dispatch: Delegate authentication, no providers found for testro (not_authoritative=internal)
[Fri Aug 26 14:44:08 2011] [error] Auth.Dispatch: Delegate authentication, no providers found for testro (not_authoritative=internal)
[Fri Aug 26 14:45:49 2011] [error] Auth.Dispatch: Delegate authentication, no providers found for testro (not_authoritative=internal)
[Fri Aug 26 14:47:55 2011] [error] Auth.Dispatch: Delegate authentication, no providers found for testro (not_authoritative=internal)
[Fri Aug 26 14:49:07 2011] [error] Auth.Dispatch: Delegate authentication, no providers found for testro (not_authoritative=internal)
[Fri Aug 26 14:50:34 2011] [error] Auth.Dispatch: Delegate authentication, no providers found for testro (not_authoritative=internal)
[Fri Aug 26 14:51:19 2011] [error] Auth.Dispatch: Delegate authentication, no providers found for testro (not_authoritative=internal)
[Fri Aug 26 14:52:11 2011] [error] Auth.Dispatch: Delegate authentication, no providers found for testro (not_authoritative=internal)
[Fri Aug 26 14:57:11 2011] [error] Auth.Dispatch: Delegate authentication, no providers found for testro (not_authoritative=internal)
[Fri Aug 26 14:57:11 2011] [fatal] Uncaught AppKitPHPError: PHP Error ob_end_clean(): failed to delete buffer. No buffer to delete (/usr/local/icinga-web/lib/agavi/src/exception/AgaviException.class.php:293) (/usr/local/icinga-web/app/modules/AppKit/lib/logging/AppKitExceptionHandler.class.php:37)
[Fri Aug 26 14:57:51 2011] [error] Auth.Dispatch: Delegate authentication, no providers found for testro (not_authoritative=internal)
[Fri Aug 26 14:57:52 2011] [fatal] Uncaught AppKitPHPError: PHP Error ob_end_clean(): failed to delete buffer. No buffer to delete (/usr/local/icinga-web/lib/agavi/src/exception/AgaviException.class.php:293) (/usr/local/icinga-web/app/modules/AppKit/lib/logging/AppKitExceptionHandler.class.php:37)
[Fri Aug 26 14:58:24 2011] [error] Auth.Dispatch: Delegate authentication, no providers found for testro (not_authoritative=internal)
[Fri Aug 26 14:58:24 2011] [fatal] Uncaught AppKitPHPError: PHP Error array_merge(): Argument #1 is not an array (/usr/local/icinga-web/app/modules/AppKit/lib/database/models/NsmUser.php:337) (/usr/local/icinga-web/app/modules/AppKit/lib/logging/AppKitExceptionHandler.class.php:37)
[Fri Aug 26 14:59:18 2011] [error] Auth.Dispatch: Delegate authentication, no providers found for testro (not_authoritative=internal)
[Fri Aug 26 14:59:18 2011] [fatal] Uncaught AppKitPHPError: PHP Error array_merge(): Argument #2 is not an array (/usr/local/icinga-web/app/modules/AppKit/lib/database/models/NsmUser.php:339) (/usr/local/icinga-web/app/modules/AppKit/lib/logging/AppKitExceptionHandler.class.php:37)
[Fri Aug 26 14:59:54 2011] [error] Auth.Dispatch: Delegate authentication, no providers found for testro (not_authoritative=internal)
[Fri Aug 26 15:31:37 2011] [error] Auth.Dispatch: Delegate authentication, no providers found for root (not_authoritative=internal)
[Fri Aug 26 15:32:49 2011] [error] Auth.Dispatch: Delegate authentication, no providers found for testro (not_authoritative=internal)
[Fri Aug 26 15:32:49 2011] [error] Userlogin by testRo failed!
[Fri Aug 26 15:32:53 2011] [error] Auth.Dispatch: Delegate authentication, no providers found for testro (not_authoritative=internal)
[Fri Aug 26 15:33:30 2011] [error] Auth.Dispatch: Delegate authentication, no providers found for testro (not_authoritative=internal)
[Fri Aug 26 15:36:13 2011] [error] Auth.Dispatch: Delegate authentication, no providers found for testro (not_authoritative=internal)
[Fri Aug 26 15:36:17 2011] [error] Auth.Dispatch: Delegate authentication, no providers found for testro (not_authoritative=internal)
[Fri Aug 26 15:36:47 2011] [error] Auth.Dispatch: Delegate authentication, no providers found for testro (not_authoritative=internal)
[Fri Aug 26 15:36:47 2011] [error] Userlogin by testro failed!
[Fri Aug 26 15:36:51 2011] [error] Userlogin by testrot failed!
[Fri Aug 26 15:36:59 2011] [error] Auth.Dispatch: Delegate authentication, no providers found for testro (not_authoritative=internal)
[Fri Aug 26 15:37:42 2011] [fatal] Uncaught AppKitPHPError: PHP Error fsockopen(): unable to connect to 192.168.56.102:22 (No route to host) (/usr/local/icinga-web/lib/phpseclib/Net/SSH2.php:689) (/usr/local/icinga-web/app/modules/AppKit/lib/logging/AppKitExceptionHandler.class.php:37)
[Fri Aug 26 15:37:42 2011] [fatal] Uncaught AppKitPHPError: PHP Error Cannot connect to 192.168.56.102. Error 113. No route to host (/usr/local/icinga-web/lib/phpseclib/Net/SSH2.php:691) (/usr/local/icinga-web/app/modules/AppKit/lib/logging/AppKitExceptionHandler.class.php:37)
[Fri Aug 26 15:45:57 2011] [error] Auth.Dispatch: Delegate authentication, no providers found for testro (not_authoritative=internal)
[Fri Aug 26 15:56:03 2011] [error] Auth.Dispatch: Delegate authentication, no providers found for testro (not_authoritative=internal)
[Fri Aug 26 15:58:36 2011] [error] Auth.Dispatch: Delegate authentication, no providers found for testro (not_authoritative=internal)
[Fri Aug 26 15:59:37 2011] [error] Auth.Dispatch: Delegate authentication, no providers found for testro (not_authoritative=internal)
[Fri Aug 26 16:01:05 2011] [error] Fetch failed with message Couldn't find class h
 Query: (No query created) 
TargetStore info (IcingaApiModel): 
               	 - Store target: IcingaServicegroups
               	 - Searchtype: 
[Fri Aug 26 16:01:06 2011] [error] Fetch failed with message Couldn't find class h
 Query: (No query created) 
TargetStore info (IcingaApiModel): 
               	 - Store target: IcingaServicegroups
               	 - Searchtype: 
[Fri Aug 26 16:01:06 2011] [error] Fetch failed with message Couldn't find class h
 Query: (No query created) 
TargetStore info (IcingaApiModel): 
               	 - Store target: IcingaServicegroups
               	 - Searchtype: 
[Fri Aug 26 16:01:07 2011] [error] Fetch failed with message Couldn't find class h
 Query: (No query created) 
TargetStore info (IcingaApiModel): 
               	 - Store target: IcingaServicegroups
               	 - Searchtype: 
[Fri Aug 26 16:07:58 2011] [error] Fetch failed with message Unknown relation alias host
 Query: (No query created) 
TargetStore info (IcingaApiModel): 
               	 - Store target: IcingaServicegroups
               	 - Searchtype: 
[Fri Aug 26 16:07:58 2011] [error] Fetch failed with message Unknown relation alias host
 Query: (No query created) 
TargetStore info (IcingaApiModel): 
               	 - Store target: IcingaServicegroups
               	 - Searchtype: 
[Fri Aug 26 16:07:58 2011] [error] Fetch failed with message Unknown relation alias host
 Query: (No query created) 
TargetStore info (IcingaApiModel): 
               	 - Store target: IcingaServicegroups
               	 - Searchtype: 
[Fri Aug 26 16:07:58 2011] [error] Fetch failed with message Unknown relation alias host
 Query: (No query created) 
TargetStore info (IcingaApiModel): 
               	 - Store target: IcingaServicegroups
               	 - Searchtype: 
[Fri Aug 26 16:16:47 2011] [error] Auth.Dispatch: Delegate authentication, no providers found for root (not_authoritative=internal)
[Fri Aug 26 16:32:42 2011] [error] Auth.Dispatch: Delegate authentication, no providers found for testro (not_authoritative=internal)
[Fri Aug 26 16:32:42 2011] [error] Userlogin by testRo failed!
[Fri Aug 26 16:32:45 2011] [error] Auth.Dispatch: Delegate authentication, no providers found for testro (not_authoritative=internal)
[Fri Aug 26 16:32:57 2011] [error] Fetch failed with message Unknown relation alias services
 Query: (No query created) 
TargetStore info (IcingaApiModel): 
               	 - Store target: IcingaObjects
               	 - Searchtype: 
[Fri Aug 26 16:33:39 2011] [error] Fetch failed with message Unknown relation alias services
 Query: (No query created) 
TargetStore info (IcingaApiModel): 
               	 - Store target: IcingaObjects
               	 - Searchtype: 
[Fri Aug 26 16:34:33 2011] [error] Fetch failed with message Unknown relation alias services
 Query: (No query created) 
TargetStore info (IcingaApiModel): 
               	 - Store target: IcingaObjects
               	 - Searchtype: 
[Fri Aug 26 17:28:15 2011] [error] Auth.Dispatch: Delegate authentication, no providers found for root (not_authoritative=internal)
